<?xml version="1.0" encoding="UTF-8"?>
<!-- Generated by org.testng.reporters.JUnitXMLReporter -->
<testsuite hostname="DESKTOP-CFOVK35" ignored="0" name="Default test" tests="10" failures="0" timestamp="2022-01-19T19:07:20 AMT" time="76.959" errors="0">
  <testcase name="openPage" time="3.547" classname="com.demoblaze.tests.DemoblazeClass"/>
  <testcase name="sign_up" time="7.261" classname="com.demoblaze.tests.DemoblazeClass"/>
  <testcase name="log_in" time="5.494" classname="com.demoblaze.tests.DemoblazeClass"/>
  <testcase name="enter_homepage" time="5.221" classname="com.demoblaze.tests.DemoblazeClass"/>
  <testcase name="send_contacts" time="5.07" classname="com.demoblaze.tests.DemoblazeClass"/>
  <testcase name="using_About_us" time="3.866" classname="com.demoblaze.tests.DemoblazeClass"/>
  <testcase name="enter_Cart" time="4.221" classname="com.demoblaze.tests.DemoblazeClass"/>
  <testcase name="add_item_to_Cart" time="5.587" classname="com.demoblaze.tests.DemoblazeClass"/>
  <testcase name="delete_item_from_Cart" time="5.765" classname="com.demoblaze.tests.DemoblazeClass"/>
  <testcase name="order_item" time="5.766" classname="com.demoblaze.tests.DemoblazeClass"/>
</testsuite> <!-- Default test -->
