<?xml version="1.0" encoding="UTF-8"?>
<!-- Generated by org.testng.reporters.JUnitXMLReporter -->
<testsuite hostname="DESKTOP-CFOVK35" ignored="0" name="Default test" tests="10" failures="0" timestamp="2022-01-19T17:26:18 AMT" time="73.906" errors="0">
  <testcase name="openPage" time="2.968" classname="com.demoblaze.tests.DemoblazeClass"/>
  <testcase name="sign_up" time="7.046" classname="com.demoblaze.tests.DemoblazeClass"/>
  <testcase name="log_in" time="4.538" classname="com.demoblaze.tests.DemoblazeClass"/>
  <testcase name="enter_homepage" time="3.504" classname="com.demoblaze.tests.DemoblazeClass"/>
  <testcase name="send_contacts" time="5.82" classname="com.demoblaze.tests.DemoblazeClass"/>
  <testcase name="using_About_us" time="3.682" classname="com.demoblaze.tests.DemoblazeClass"/>
  <testcase name="enter_Cart" time="4.033" classname="com.demoblaze.tests.DemoblazeClass"/>
  <testcase name="add_item_to_Cart" time="6.553" classname="com.demoblaze.tests.DemoblazeClass"/>
  <testcase name="delete_item_from_Cart" time="6.027" classname="com.demoblaze.tests.DemoblazeClass"/>
  <testcase name="order_item" time="4.642" classname="com.demoblaze.tests.DemoblazeClass"/>
</testsuite> <!-- Default test -->
