<?xml version="1.0" encoding="UTF-8"?>
<testng-results skipped="0" failed="0" ignored="0" total="10" passed="10">
  <reporter-output>
  </reporter-output>
  <suite name="Default suite" duration-ms="76959" started-at="2022-01-19T19:06:03 AMT" finished-at="2022-01-19T19:07:20 AMT">
    <groups>
    </groups>
    <test name="Default test" duration-ms="76959" started-at="2022-01-19T19:06:03 AMT" finished-at="2022-01-19T19:07:20 AMT">
      <class name="com.demoblaze.tests.DemoblazeClass">
        <test-method status="PASS" signature="setup()[pri:0, instance:com.demoblaze.tests.DemoblazeClass@6950e31]" name="setup" is-config="true" duration-ms="3769" started-at="2022-01-19T19:06:03 AMT" finished-at="2022-01-19T19:06:07 AMT">
          <reporter-output>
          </reporter-output>
        </test-method> <!-- setup -->
        <test-method status="PASS" signature="openPage()[pri:1, instance:com.demoblaze.tests.DemoblazeClass@6950e31]" name="openPage" duration-ms="3547" started-at="2022-01-19T19:06:07 AMT" finished-at="2022-01-19T19:06:11 AMT">
          <reporter-output>
          </reporter-output>
        </test-method> <!-- openPage -->
        <test-method status="PASS" signature="tearDown()[pri:0, instance:com.demoblaze.tests.DemoblazeClass@6950e31]" name="tearDown" is-config="true" duration-ms="731" started-at="2022-01-19T19:06:11 AMT" finished-at="2022-01-19T19:06:12 AMT">
          <reporter-output>
          </reporter-output>
        </test-method> <!-- tearDown -->
        <test-method status="PASS" signature="setup()[pri:0, instance:com.demoblaze.tests.DemoblazeClass@6950e31]" name="setup" is-config="true" duration-ms="1415" started-at="2022-01-19T19:06:12 AMT" finished-at="2022-01-19T19:06:13 AMT">
          <reporter-output>
          </reporter-output>
        </test-method> <!-- setup -->
        <test-method status="PASS" signature="sign_up()[pri:2, instance:com.demoblaze.tests.DemoblazeClass@6950e31]" name="sign_up" duration-ms="7261" started-at="2022-01-19T19:06:13 AMT" finished-at="2022-01-19T19:06:20 AMT">
          <reporter-output>
          </reporter-output>
        </test-method> <!-- sign_up -->
        <test-method status="PASS" signature="tearDown()[pri:0, instance:com.demoblaze.tests.DemoblazeClass@6950e31]" name="tearDown" is-config="true" duration-ms="734" started-at="2022-01-19T19:06:20 AMT" finished-at="2022-01-19T19:06:21 AMT">
          <reporter-output>
          </reporter-output>
        </test-method> <!-- tearDown -->
        <test-method status="PASS" signature="setup()[pri:0, instance:com.demoblaze.tests.DemoblazeClass@6950e31]" name="setup" is-config="true" duration-ms="1406" started-at="2022-01-19T19:06:21 AMT" finished-at="2022-01-19T19:06:22 AMT">
          <reporter-output>
          </reporter-output>
        </test-method> <!-- setup -->
        <test-method status="PASS" signature="log_in()[pri:3, instance:com.demoblaze.tests.DemoblazeClass@6950e31]" name="log_in" duration-ms="5494" started-at="2022-01-19T19:06:22 AMT" finished-at="2022-01-19T19:06:28 AMT">
          <reporter-output>
          </reporter-output>
        </test-method> <!-- log_in -->
        <test-method status="PASS" signature="tearDown()[pri:0, instance:com.demoblaze.tests.DemoblazeClass@6950e31]" name="tearDown" is-config="true" duration-ms="717" started-at="2022-01-19T19:06:28 AMT" finished-at="2022-01-19T19:06:29 AMT">
          <reporter-output>
          </reporter-output>
        </test-method> <!-- tearDown -->
        <test-method status="PASS" signature="setup()[pri:0, instance:com.demoblaze.tests.DemoblazeClass@6950e31]" name="setup" is-config="true" duration-ms="1417" started-at="2022-01-19T19:06:29 AMT" finished-at="2022-01-19T19:06:30 AMT">
          <reporter-output>
          </reporter-output>
        </test-method> <!-- setup -->
        <test-method status="PASS" signature="enter_homepage()[pri:4, instance:com.demoblaze.tests.DemoblazeClass@6950e31]" name="enter_homepage" duration-ms="5221" started-at="2022-01-19T19:06:30 AMT" finished-at="2022-01-19T19:06:35 AMT">
          <reporter-output>
          </reporter-output>
        </test-method> <!-- enter_homepage -->
        <test-method status="PASS" signature="tearDown()[pri:0, instance:com.demoblaze.tests.DemoblazeClass@6950e31]" name="tearDown" is-config="true" duration-ms="876" started-at="2022-01-19T19:06:35 AMT" finished-at="2022-01-19T19:06:36 AMT">
          <reporter-output>
          </reporter-output>
        </test-method> <!-- tearDown -->
        <test-method status="PASS" signature="setup()[pri:0, instance:com.demoblaze.tests.DemoblazeClass@6950e31]" name="setup" is-config="true" duration-ms="1612" started-at="2022-01-19T19:06:36 AMT" finished-at="2022-01-19T19:06:38 AMT">
          <reporter-output>
          </reporter-output>
        </test-method> <!-- setup -->
        <test-method status="PASS" signature="send_contacts()[pri:5, instance:com.demoblaze.tests.DemoblazeClass@6950e31]" name="send_contacts" duration-ms="5070" started-at="2022-01-19T19:06:38 AMT" finished-at="2022-01-19T19:06:43 AMT">
          <reporter-output>
          </reporter-output>
        </test-method> <!-- send_contacts -->
        <test-method status="PASS" signature="tearDown()[pri:0, instance:com.demoblaze.tests.DemoblazeClass@6950e31]" name="tearDown" is-config="true" duration-ms="735" started-at="2022-01-19T19:06:43 AMT" finished-at="2022-01-19T19:06:44 AMT">
          <reporter-output>
          </reporter-output>
        </test-method> <!-- tearDown -->
        <test-method status="PASS" signature="setup()[pri:0, instance:com.demoblaze.tests.DemoblazeClass@6950e31]" name="setup" is-config="true" duration-ms="1479" started-at="2022-01-19T19:06:44 AMT" finished-at="2022-01-19T19:06:45 AMT">
          <reporter-output>
          </reporter-output>
        </test-method> <!-- setup -->
        <test-method status="PASS" signature="using_About_us()[pri:6, instance:com.demoblaze.tests.DemoblazeClass@6950e31]" name="using_About_us" duration-ms="3866" started-at="2022-01-19T19:06:45 AMT" finished-at="2022-01-19T19:06:49 AMT">
          <reporter-output>
          </reporter-output>
        </test-method> <!-- using_About_us -->
        <test-method status="PASS" signature="tearDown()[pri:0, instance:com.demoblaze.tests.DemoblazeClass@6950e31]" name="tearDown" is-config="true" duration-ms="780" started-at="2022-01-19T19:06:49 AMT" finished-at="2022-01-19T19:06:50 AMT">
          <reporter-output>
          </reporter-output>
        </test-method> <!-- tearDown -->
        <test-method status="PASS" signature="setup()[pri:0, instance:com.demoblaze.tests.DemoblazeClass@6950e31]" name="setup" is-config="true" duration-ms="1692" started-at="2022-01-19T19:06:50 AMT" finished-at="2022-01-19T19:06:51 AMT">
          <reporter-output>
          </reporter-output>
        </test-method> <!-- setup -->
        <test-method status="PASS" signature="enter_Cart()[pri:7, instance:com.demoblaze.tests.DemoblazeClass@6950e31]" name="enter_Cart" duration-ms="4221" started-at="2022-01-19T19:06:51 AMT" finished-at="2022-01-19T19:06:56 AMT">
          <reporter-output>
          </reporter-output>
        </test-method> <!-- enter_Cart -->
        <test-method status="PASS" signature="tearDown()[pri:0, instance:com.demoblaze.tests.DemoblazeClass@6950e31]" name="tearDown" is-config="true" duration-ms="706" started-at="2022-01-19T19:06:56 AMT" finished-at="2022-01-19T19:06:56 AMT">
          <reporter-output>
          </reporter-output>
        </test-method> <!-- tearDown -->
        <test-method status="PASS" signature="setup()[pri:0, instance:com.demoblaze.tests.DemoblazeClass@6950e31]" name="setup" is-config="true" duration-ms="1637" started-at="2022-01-19T19:06:56 AMT" finished-at="2022-01-19T19:06:58 AMT">
          <reporter-output>
          </reporter-output>
        </test-method> <!-- setup -->
        <test-method status="PASS" signature="add_item_to_Cart()[pri:8, instance:com.demoblaze.tests.DemoblazeClass@6950e31]" name="add_item_to_Cart" duration-ms="5587" started-at="2022-01-19T19:06:58 AMT" finished-at="2022-01-19T19:07:04 AMT">
          <reporter-output>
          </reporter-output>
        </test-method> <!-- add_item_to_Cart -->
        <test-method status="PASS" signature="tearDown()[pri:0, instance:com.demoblaze.tests.DemoblazeClass@6950e31]" name="tearDown" is-config="true" duration-ms="762" started-at="2022-01-19T19:07:04 AMT" finished-at="2022-01-19T19:07:04 AMT">
          <reporter-output>
          </reporter-output>
        </test-method> <!-- tearDown -->
        <test-method status="PASS" signature="setup()[pri:0, instance:com.demoblaze.tests.DemoblazeClass@6950e31]" name="setup" is-config="true" duration-ms="1402" started-at="2022-01-19T19:07:04 AMT" finished-at="2022-01-19T19:07:06 AMT">
          <reporter-output>
          </reporter-output>
        </test-method> <!-- setup -->
        <test-method status="PASS" signature="delete_item_from_Cart()[pri:9, instance:com.demoblaze.tests.DemoblazeClass@6950e31]" name="delete_item_from_Cart" duration-ms="5765" started-at="2022-01-19T19:07:06 AMT" finished-at="2022-01-19T19:07:11 AMT">
          <reporter-output>
          </reporter-output>
        </test-method> <!-- delete_item_from_Cart -->
        <test-method status="PASS" signature="tearDown()[pri:0, instance:com.demoblaze.tests.DemoblazeClass@6950e31]" name="tearDown" is-config="true" duration-ms="863" started-at="2022-01-19T19:07:11 AMT" finished-at="2022-01-19T19:07:12 AMT">
          <reporter-output>
          </reporter-output>
        </test-method> <!-- tearDown -->
        <test-method status="PASS" signature="setup()[pri:0, instance:com.demoblaze.tests.DemoblazeClass@6950e31]" name="setup" is-config="true" duration-ms="1550" started-at="2022-01-19T19:07:12 AMT" finished-at="2022-01-19T19:07:14 AMT">
          <reporter-output>
          </reporter-output>
        </test-method> <!-- setup -->
        <test-method status="PASS" signature="order_item()[pri:10, instance:com.demoblaze.tests.DemoblazeClass@6950e31]" name="order_item" duration-ms="5766" started-at="2022-01-19T19:07:14 AMT" finished-at="2022-01-19T19:07:20 AMT">
          <reporter-output>
          </reporter-output>
        </test-method> <!-- order_item -->
        <test-method status="PASS" signature="tearDown()[pri:0, instance:com.demoblaze.tests.DemoblazeClass@6950e31]" name="tearDown" is-config="true" duration-ms="800" started-at="2022-01-19T19:07:20 AMT" finished-at="2022-01-19T19:07:20 AMT">
          <reporter-output>
          </reporter-output>
        </test-method> <!-- tearDown -->
      </class> <!-- com.demoblaze.tests.DemoblazeClass -->
    </test> <!-- Default test -->
  </suite> <!-- Default suite -->
</testng-results>
